<testsuite tests="3">
    <testcase classname="foo1" name="ASuccessfulTest"/>
    <testcase classname="foo2" name="AnotherSuccessfulTest"/>
</testsuite>
