<?xml version=\"1.0\" encoding=\"UTF-8\"?>
<testsuites>
<testsuite name=\"$fn\" tests=\"1\" assertions=\"0\" failures=\"0\" errors=\"1\" time=\"3600\">
<testcase name=\"kill\" assertions=\"0\" time=\"3600\">
</testcase>
</testsuite>
</testsuites>
